2022-07-05 08:53:52,703 INFO org.springframework.scheduling.concurrent.ExecutorConfigurationSupport [SpringContextShutdownHook] Shutting down ExecutorService 'applicationTaskExecutor'
2022-07-05 08:53:52,704 INFO org.springframework.orm.jpa.AbstractEntityManagerFactoryBean [SpringContextShutdownHook] Closing JPA EntityManagerFactory for persistence unit 'default'
2022-07-05 08:53:52,719 ERROR com.zaxxer.hikari.pool.HikariPool [HikariPool-1 connection adder] HikariPool-1 - Error thrown while acquiring connection from data source
org.h2.jdbc.JdbcSQLNonTransientException: Allgemeiner Fehler: "java.lang.IllegalStateException: Transaction was illegally transitioned from ROLLED_BACK to COMMITTED [1.4.200/103]"
General error: "java.lang.IllegalStateException: Transaction was illegally transitioned from ROLLED_BACK to COMMITTED [1.4.200/103]" [50000-200]
	at org.h2.message.DbException.getJdbcSQLException(DbException.java:505)
	at org.h2.message.DbException.getJdbcSQLException(DbException.java:429)
	at org.h2.message.DbException.get(DbException.java:194)
	at org.h2.message.DbException.convert(DbException.java:347)
	at org.h2.message.DbException.toSQLException(DbException.java:319)
	at org.h2.message.TraceObject.logAndConvert(TraceObject.java:366)
	at org.h2.jdbc.JdbcConnection.isReadOnly(JdbcConnection.java:635)
	at com.zaxxer.hikari.pool.PoolBase.setupConnection(PoolBase.java:398)
	at com.zaxxer.hikari.pool.PoolBase.newConnection(PoolBase.java:359)
	at com.zaxxer.hikari.pool.PoolBase.newPoolEntry(PoolBase.java:202)
	at com.zaxxer.hikari.pool.HikariPool.createPoolEntry(HikariPool.java:473)
	at com.zaxxer.hikari.pool.HikariPool.access$100(HikariPool.java:71)
	at com.zaxxer.hikari.pool.HikariPool$PoolEntryCreator.call(HikariPool.java:719)
	at com.zaxxer.hikari.pool.HikariPool$PoolEntryCreator.call(HikariPool.java:705)
	at java.util.concurrent.FutureTask.run(FutureTask.java:266)
	at java.util.concurrent.ThreadPoolExecutor.runWorker(ThreadPoolExecutor.java:1149)
	at java.util.concurrent.ThreadPoolExecutor$Worker.run(ThreadPoolExecutor.java:624)
	at java.lang.Thread.run(Thread.java:748)
Caused by: java.lang.IllegalStateException: Transaction was illegally transitioned from ROLLED_BACK to COMMITTED [1.4.200/103]
	at org.h2.mvstore.DataUtils.newIllegalStateException(DataUtils.java:950)
	at org.h2.mvstore.tx.Transaction.setStatus(Transaction.java:303)
	at org.h2.mvstore.tx.Transaction.commit(Transaction.java:580)
	at org.h2.engine.Session.commit(Session.java:714)
	at org.h2.command.Command.stop(Command.java:162)
	at org.h2.command.CommandContainer.stop(CommandContainer.java:293)
	at org.h2.command.Command.executeQuery(Command.java:229)
	at org.h2.jdbc.JdbcConnection.isReadOnly(JdbcConnection.java:631)
	... 11 common frames omitted
	Suppressed: java.lang.IllegalStateException: Transaction was illegally transitioned from CLOSED to CLOSED [1.4.200/103]
		at org.h2.mvstore.DataUtils.newIllegalStateException(DataUtils.java:950)
		at org.h2.mvstore.tx.Transaction.setStatus(Transaction.java:303)
		at org.h2.mvstore.tx.Transaction.closeIt(Transaction.java:728)
		at org.h2.mvstore.tx.TransactionStore.endTransaction(TransactionStore.java:568)
		at org.h2.mvstore.tx.Transaction.commit(Transaction.java:592)
		... 16 common frames omitted
2022-07-05 08:53:52,929 WARN org.springframework.beans.factory.support.DisposableBeanAdapter [SpringContextShutdownHook] Invocation of destroy method failed on bean with name 'inMemoryDatabaseShutdownExecutor': org.h2.jdbc.JdbcSQLNonTransientConnectionException: Die Datenbank wurde bereits geschlossen (um das automatische Schliessen beim Stopp der VM zu deaktivieren, die Datenbank URL mit ";DB_CLOSE_ON_EXIT=FALSE" ergänzen)
Database is already closed (to disable automatic closing at VM shutdown, add ";DB_CLOSE_ON_EXIT=FALSE" to the db URL) [90121-200]
2022-07-05 08:53:52,930 INFO com.zaxxer.hikari.HikariDataSource [SpringContextShutdownHook] HikariPool-1 - Shutdown initiated...
2022-07-05 08:53:52,977 INFO com.zaxxer.hikari.HikariDataSource [SpringContextShutdownHook] HikariPool-1 - Shutdown completed.
2022-07-05 08:53:59,864 INFO org.springframework.boot.StartupInfoLogger [restartedMain] Starting Application on DESKTOP-VIMUVAU with PID 25028 (started by robin in C:\Users\robin\OneDrive - bbw.ch\fr-2022\183\51_01_SpringBootChatAppSoSpriAusgangslage)
2022-07-05 08:53:59,870 INFO org.springframework.boot.SpringApplication [restartedMain] No active profile set, falling back to default profiles: default
2022-07-05 08:54:00,002 INFO org.springframework.boot.logging.DeferredLog [restartedMain] The Class-Path manifest attribute in C:\Users\robin\.m2\repository\org\glassfish\jaxb\jaxb-runtime\2.3.2\jaxb-runtime-2.3.2.jar referenced one or more files that do not exist: file:/C:/Users/robin/.m2/repository/org/glassfish/jaxb/jaxb-runtime/2.3.2/jakarta.xml.bind-api-2.3.2.jar,file:/C:/Users/robin/.m2/repository/org/glassfish/jaxb/jaxb-runtime/2.3.2/txw2-2.3.2.jar,file:/C:/Users/robin/.m2/repository/org/glassfish/jaxb/jaxb-runtime/2.3.2/istack-commons-runtime-3.0.8.jar,file:/C:/Users/robin/.m2/repository/org/glassfish/jaxb/jaxb-runtime/2.3.2/stax-ex-1.8.1.jar,file:/C:/Users/robin/.m2/repository/org/glassfish/jaxb/jaxb-runtime/2.3.2/FastInfoset-1.2.16.jar,file:/C:/Users/robin/.m2/repository/org/glassfish/jaxb/jaxb-runtime/2.3.2/jakarta.activation-api-1.2.1.jar
2022-07-05 08:54:00,003 INFO org.springframework.boot.logging.DeferredLog [restartedMain] Devtools property defaults active! Set 'spring.devtools.add-properties' to 'false' to disable
2022-07-05 08:54:00,003 INFO org.springframework.boot.logging.DeferredLog [restartedMain] For additional web related logging consider setting the 'logging.level.web' property to 'DEBUG'
2022-07-05 08:54:01,728 INFO org.springframework.data.repository.config.RepositoryConfigurationDelegate [restartedMain] Bootstrapping Spring Data JPA repositories in DEFAULT mode.
2022-07-05 08:54:01,804 INFO org.springframework.data.repository.config.RepositoryConfigurationDelegate [restartedMain] Finished Spring Data repository scanning in 66ms. Found 2 JPA repository interfaces.
2022-07-05 08:54:02,543 INFO org.springframework.boot.web.embedded.tomcat.TomcatWebServer [restartedMain] Tomcat initialized with port(s): 8080 (http)
2022-07-05 08:54:02,551 INFO org.apache.juli.logging.DirectJDKLog [restartedMain] Initializing ProtocolHandler ["http-nio-8080"]
2022-07-05 08:54:02,552 INFO org.apache.juli.logging.DirectJDKLog [restartedMain] Starting service [Tomcat]
2022-07-05 08:54:02,552 INFO org.apache.juli.logging.DirectJDKLog [restartedMain] Starting Servlet engine: [Apache Tomcat/9.0.31]
2022-07-05 08:54:02,670 INFO org.apache.juli.logging.DirectJDKLog [restartedMain] Initializing Spring embedded WebApplicationContext
2022-07-05 08:54:02,670 INFO org.springframework.boot.web.servlet.context.ServletWebServerApplicationContext [restartedMain] Root WebApplicationContext: initialization completed in 2666 ms
2022-07-05 08:54:02,795 INFO com.zaxxer.hikari.HikariDataSource [restartedMain] HikariPool-1 - Starting...
2022-07-05 08:54:02,986 INFO com.zaxxer.hikari.HikariDataSource [restartedMain] HikariPool-1 - Start completed.
2022-07-05 08:54:02,995 INFO org.springframework.boot.autoconfigure.h2.H2ConsoleAutoConfiguration [restartedMain] H2 console available at '/h2-console/'. Database available at 'jdbc:h2:mem:chatdb'
2022-07-05 08:54:03,261 INFO org.hibernate.jpa.internal.util.LogHelper [restartedMain] HHH000204: Processing PersistenceUnitInfo [name: default]
2022-07-05 08:54:03,335 INFO org.hibernate.Version [restartedMain] HHH000412: Hibernate ORM core version 5.4.12.Final
2022-07-05 08:54:03,478 INFO org.hibernate.annotations.common.reflection.java.JavaReflectionManager [restartedMain] HCANN000001: Hibernate Commons Annotations {5.1.0.Final}
2022-07-05 08:54:03,635 INFO org.hibernate.dialect.Dialect [restartedMain] HHH000400: Using dialect: org.hibernate.dialect.H2Dialect
2022-07-05 08:54:04,403 INFO org.hibernate.engine.transaction.jta.platform.internal.JtaPlatformInitiator [restartedMain] HHH000490: Using JtaPlatform implementation: [org.hibernate.engine.transaction.jta.platform.internal.NoJtaPlatform]
2022-07-05 08:54:04,411 INFO org.springframework.orm.jpa.AbstractEntityManagerFactoryBean [restartedMain] Initialized JPA EntityManagerFactory for persistence unit 'default'
2022-07-05 08:54:04,445 INFO org.springframework.boot.devtools.autoconfigure.OptionalLiveReloadServer [restartedMain] LiveReload server is running on port 35729
2022-07-05 08:54:05,011 INFO org.springframework.security.web.DefaultSecurityFilterChain [restartedMain] Creating filter chain: any request, [org.springframework.security.web.context.request.async.WebAsyncManagerIntegrationFilter@6a3bbf01, org.springframework.security.web.context.SecurityContextPersistenceFilter@32de0e34, org.springframework.security.web.header.HeaderWriterFilter@1d48614, org.springframework.security.web.csrf.CsrfFilter@2b4ff9c6, org.springframework.security.web.authentication.logout.LogoutFilter@7fd26e43, org.springframework.security.oauth2.client.web.OAuth2AuthorizationRequestRedirectFilter@147a4000, org.springframework.security.oauth2.client.web.OAuth2LoginAuthenticationFilter@181d13c3, org.springframework.security.web.authentication.UsernamePasswordAuthenticationFilter@3c96a2, org.springframework.security.web.authentication.ui.DefaultLoginPageGeneratingFilter@78cd4d04, org.springframework.security.web.authentication.ui.DefaultLogoutPageGeneratingFilter@2dbad3c1, org.springframework.security.web.savedrequest.RequestCacheAwareFilter@4945952a, org.springframework.security.web.servletapi.SecurityContextHolderAwareRequestFilter@4666d9b4, org.springframework.security.web.authentication.AnonymousAuthenticationFilter@67cbf45, org.springframework.security.web.session.SessionManagementFilter@309aa265, org.springframework.security.web.access.ExceptionTranslationFilter@3ea33ac, org.springframework.security.web.access.intercept.FilterSecurityInterceptor@6186f45f]
2022-07-05 08:54:05,196 INFO org.springframework.scheduling.concurrent.ExecutorConfigurationSupport [restartedMain] Initializing ExecutorService 'applicationTaskExecutor'
2022-07-05 08:54:05,263 INFO org.springframework.boot.autoconfigure.web.servlet.WelcomePageHandlerMapping [restartedMain] Adding welcome page: class path resource [static/index.html]
2022-07-05 08:54:05,519 INFO org.springframework.boot.actuate.endpoint.web.EndpointLinksResolver [restartedMain] Exposing 2 endpoint(s) beneath base path '/actuator'
2022-07-05 08:54:05,744 INFO org.apache.juli.logging.DirectJDKLog [restartedMain] Starting ProtocolHandler ["http-nio-8080"]
2022-07-05 08:54:05,770 INFO org.springframework.boot.web.embedded.tomcat.TomcatWebServer [restartedMain] Tomcat started on port(s): 8080 (http) with context path ''
2022-07-05 08:54:05,773 INFO org.springframework.boot.StartupInfoLogger [restartedMain] Started Application in 6.608 seconds (JVM running for 8.152)
2022-07-05 08:54:06,763 INFO org.apache.juli.logging.DirectJDKLog [RMI TCP Connection(3)-172.24.80.1] Initializing Spring DispatcherServlet 'dispatcherServlet'
2022-07-05 08:54:06,763 INFO org.springframework.web.servlet.FrameworkServlet [RMI TCP Connection(3)-172.24.80.1] Initializing Servlet 'dispatcherServlet'
2022-07-05 08:54:06,770 INFO org.springframework.web.servlet.FrameworkServlet [RMI TCP Connection(3)-172.24.80.1] Completed initialization in 7 ms
2022-07-05 08:55:46,233 ERROR ch.bbw.pr.sospri.service.MemberService [http-nio-8080-exec-5] getByUserName dwdwdw.dwdwdwd not found
2022-07-05 08:55:47,048 ERROR ch.bbw.pr.sospri.controller.RegisterController [http-nio-8080-exec-5] postRequestRegistMembers captcha error
2022-07-05 13:46:00,336 WARN com.zaxxer.hikari.pool.HikariPool$HouseKeeper [HikariPool-1 housekeeper] HikariPool-1 - Thread starvation or clock leap detected (housekeeper delta=2h9m24s989ms756µs300ns).
2022-07-05 15:41:25,847 INFO org.springframework.boot.StartupInfoLogger [restartedMain] Starting Application on DESKTOP-VIMUVAU with PID 2404 (started by robin in C:\Users\robin\OneDrive - bbw.ch\fr-2022\183\51_01_SpringBootChatAppSoSpriAusgangslage)
2022-07-05 15:41:25,852 INFO org.springframework.boot.SpringApplication [restartedMain] No active profile set, falling back to default profiles: default
2022-07-05 15:41:25,966 INFO org.springframework.boot.logging.DeferredLog [restartedMain] The Class-Path manifest attribute in C:\Users\robin\.m2\repository\org\glassfish\jaxb\jaxb-runtime\2.3.2\jaxb-runtime-2.3.2.jar referenced one or more files that do not exist: file:/C:/Users/robin/.m2/repository/org/glassfish/jaxb/jaxb-runtime/2.3.2/jakarta.xml.bind-api-2.3.2.jar,file:/C:/Users/robin/.m2/repository/org/glassfish/jaxb/jaxb-runtime/2.3.2/txw2-2.3.2.jar,file:/C:/Users/robin/.m2/repository/org/glassfish/jaxb/jaxb-runtime/2.3.2/istack-commons-runtime-3.0.8.jar,file:/C:/Users/robin/.m2/repository/org/glassfish/jaxb/jaxb-runtime/2.3.2/stax-ex-1.8.1.jar,file:/C:/Users/robin/.m2/repository/org/glassfish/jaxb/jaxb-runtime/2.3.2/FastInfoset-1.2.16.jar,file:/C:/Users/robin/.m2/repository/org/glassfish/jaxb/jaxb-runtime/2.3.2/jakarta.activation-api-1.2.1.jar
2022-07-05 15:41:25,967 INFO org.springframework.boot.logging.DeferredLog [restartedMain] Devtools property defaults active! Set 'spring.devtools.add-properties' to 'false' to disable
2022-07-05 15:41:25,967 INFO org.springframework.boot.logging.DeferredLog [restartedMain] For additional web related logging consider setting the 'logging.level.web' property to 'DEBUG'
2022-07-05 15:41:28,608 INFO org.springframework.data.repository.config.RepositoryConfigurationDelegate [restartedMain] Bootstrapping Spring Data JPA repositories in DEFAULT mode.
2022-07-05 15:41:28,705 INFO org.springframework.data.repository.config.RepositoryConfigurationDelegate [restartedMain] Finished Spring Data repository scanning in 83ms. Found 2 JPA repository interfaces.
2022-07-05 15:41:29,571 INFO org.springframework.boot.web.embedded.tomcat.TomcatWebServer [restartedMain] Tomcat initialized with port(s): 8080 (http)
2022-07-05 15:41:29,584 INFO org.apache.juli.logging.DirectJDKLog [restartedMain] Initializing ProtocolHandler ["http-nio-8080"]
2022-07-05 15:41:29,584 INFO org.apache.juli.logging.DirectJDKLog [restartedMain] Starting service [Tomcat]
2022-07-05 15:41:29,585 INFO org.apache.juli.logging.DirectJDKLog [restartedMain] Starting Servlet engine: [Apache Tomcat/9.0.31]
2022-07-05 15:41:29,721 INFO org.apache.juli.logging.DirectJDKLog [restartedMain] Initializing Spring embedded WebApplicationContext
2022-07-05 15:41:29,721 INFO org.springframework.boot.web.servlet.context.ServletWebServerApplicationContext [restartedMain] Root WebApplicationContext: initialization completed in 3753 ms
2022-07-05 15:41:29,869 INFO com.zaxxer.hikari.HikariDataSource [restartedMain] HikariPool-1 - Starting...
2022-07-05 15:41:30,111 INFO com.zaxxer.hikari.HikariDataSource [restartedMain] HikariPool-1 - Start completed.
2022-07-05 15:41:30,119 INFO org.springframework.boot.autoconfigure.h2.H2ConsoleAutoConfiguration [restartedMain] H2 console available at '/h2-console/'. Database available at 'jdbc:h2:mem:chatdb'
2022-07-05 15:41:30,517 INFO org.hibernate.jpa.internal.util.LogHelper [restartedMain] HHH000204: Processing PersistenceUnitInfo [name: default]
2022-07-05 15:41:30,686 INFO org.hibernate.Version [restartedMain] HHH000412: Hibernate ORM core version 5.4.12.Final
2022-07-05 15:41:30,919 INFO org.hibernate.annotations.common.reflection.java.JavaReflectionManager [restartedMain] HCANN000001: Hibernate Commons Annotations {5.1.0.Final}
2022-07-05 15:41:31,092 INFO org.hibernate.dialect.Dialect [restartedMain] HHH000400: Using dialect: org.hibernate.dialect.H2Dialect
2022-07-05 15:41:32,234 INFO org.hibernate.engine.transaction.jta.platform.internal.JtaPlatformInitiator [restartedMain] HHH000490: Using JtaPlatform implementation: [org.hibernate.engine.transaction.jta.platform.internal.NoJtaPlatform]
2022-07-05 15:41:32,244 INFO org.springframework.orm.jpa.AbstractEntityManagerFactoryBean [restartedMain] Initialized JPA EntityManagerFactory for persistence unit 'default'
2022-07-05 15:41:32,284 INFO org.springframework.boot.devtools.autoconfigure.OptionalLiveReloadServer [restartedMain] LiveReload server is running on port 35729
2022-07-05 15:41:32,973 INFO org.springframework.security.web.DefaultSecurityFilterChain [restartedMain] Creating filter chain: any request, [org.springframework.security.web.context.request.async.WebAsyncManagerIntegrationFilter@be32922, org.springframework.security.web.context.SecurityContextPersistenceFilter@46e9e33d, org.springframework.security.web.header.HeaderWriterFilter@69eac7c2, org.springframework.security.web.csrf.CsrfFilter@df32ee2, org.springframework.security.web.authentication.logout.LogoutFilter@70a91149, org.springframework.security.oauth2.client.web.OAuth2AuthorizationRequestRedirectFilter@67984164, org.springframework.security.oauth2.client.web.OAuth2LoginAuthenticationFilter@43da0789, org.springframework.security.web.authentication.UsernamePasswordAuthenticationFilter@41e2a852, org.springframework.security.web.authentication.ui.DefaultLoginPageGeneratingFilter@62a8702d, org.springframework.security.web.authentication.ui.DefaultLogoutPageGeneratingFilter@74c735d6, org.springframework.security.web.savedrequest.RequestCacheAwareFilter@130a6a97, org.springframework.security.web.servletapi.SecurityContextHolderAwareRequestFilter@233322ba, org.springframework.security.web.authentication.AnonymousAuthenticationFilter@35505cba, org.springframework.security.web.session.SessionManagementFilter@4c4bed1c, org.springframework.security.web.access.ExceptionTranslationFilter@19b5898e, org.springframework.security.web.access.intercept.FilterSecurityInterceptor@640163d3]
2022-07-05 15:41:33,144 INFO org.springframework.scheduling.concurrent.ExecutorConfigurationSupport [restartedMain] Initializing ExecutorService 'applicationTaskExecutor'
2022-07-05 15:41:33,226 INFO org.springframework.boot.autoconfigure.web.servlet.WelcomePageHandlerMapping [restartedMain] Adding welcome page: class path resource [static/index.html]
2022-07-05 15:41:33,517 INFO org.springframework.boot.actuate.endpoint.web.EndpointLinksResolver [restartedMain] Exposing 2 endpoint(s) beneath base path '/actuator'
2022-07-05 15:41:33,781 INFO org.apache.juli.logging.DirectJDKLog [restartedMain] Starting ProtocolHandler ["http-nio-8080"]
2022-07-05 15:41:33,809 INFO org.springframework.boot.web.embedded.tomcat.TomcatWebServer [restartedMain] Tomcat started on port(s): 8080 (http) with context path ''
2022-07-05 15:41:33,812 INFO org.springframework.boot.StartupInfoLogger [restartedMain] Started Application in 8.812 seconds (JVM running for 11.403)
2022-07-05 15:41:35,466 INFO org.apache.juli.logging.DirectJDKLog [RMI TCP Connection(5)-192.168.208.1] Initializing Spring DispatcherServlet 'dispatcherServlet'
2022-07-05 15:41:35,467 INFO org.springframework.web.servlet.FrameworkServlet [RMI TCP Connection(5)-192.168.208.1] Initializing Servlet 'dispatcherServlet'
2022-07-05 15:41:35,480 INFO org.springframework.web.servlet.FrameworkServlet [RMI TCP Connection(5)-192.168.208.1] Completed initialization in 11 ms
2022-07-05 15:48:59,778 INFO org.springframework.scheduling.concurrent.ExecutorConfigurationSupport [SpringContextShutdownHook] Shutting down ExecutorService 'applicationTaskExecutor'
2022-07-05 15:48:59,781 INFO org.springframework.orm.jpa.AbstractEntityManagerFactoryBean [SpringContextShutdownHook] Closing JPA EntityManagerFactory for persistence unit 'default'
2022-07-05 15:49:00,006 WARN org.springframework.beans.factory.support.DisposableBeanAdapter [SpringContextShutdownHook] Invocation of destroy method failed on bean with name 'inMemoryDatabaseShutdownExecutor': org.h2.jdbc.JdbcSQLNonTransientConnectionException: Die Datenbank wurde bereits geschlossen (um das automatische Schliessen beim Stopp der VM zu deaktivieren, die Datenbank URL mit ";DB_CLOSE_ON_EXIT=FALSE" ergänzen)
Database is already closed (to disable automatic closing at VM shutdown, add ";DB_CLOSE_ON_EXIT=FALSE" to the db URL) [90121-200]
2022-07-05 15:49:00,015 INFO com.zaxxer.hikari.HikariDataSource [SpringContextShutdownHook] HikariPool-1 - Shutdown initiated...
2022-07-05 15:49:00,118 INFO com.zaxxer.hikari.HikariDataSource [SpringContextShutdownHook] HikariPool-1 - Shutdown completed.
2022-07-05 15:49:09,202 INFO org.springframework.boot.StartupInfoLogger [restartedMain] Starting Application on DESKTOP-VIMUVAU with PID 1448 (started by robin in C:\Users\robin\OneDrive - bbw.ch\fr-2022\183\51_01_SpringBootChatAppSoSpriAusgangslage)
2022-07-05 15:49:09,208 INFO org.springframework.boot.SpringApplication [restartedMain] No active profile set, falling back to default profiles: default
2022-07-05 15:49:09,344 INFO org.springframework.boot.logging.DeferredLog [restartedMain] The Class-Path manifest attribute in C:\Users\robin\.m2\repository\org\glassfish\jaxb\jaxb-runtime\2.3.2\jaxb-runtime-2.3.2.jar referenced one or more files that do not exist: file:/C:/Users/robin/.m2/repository/org/glassfish/jaxb/jaxb-runtime/2.3.2/jakarta.xml.bind-api-2.3.2.jar,file:/C:/Users/robin/.m2/repository/org/glassfish/jaxb/jaxb-runtime/2.3.2/txw2-2.3.2.jar,file:/C:/Users/robin/.m2/repository/org/glassfish/jaxb/jaxb-runtime/2.3.2/istack-commons-runtime-3.0.8.jar,file:/C:/Users/robin/.m2/repository/org/glassfish/jaxb/jaxb-runtime/2.3.2/stax-ex-1.8.1.jar,file:/C:/Users/robin/.m2/repository/org/glassfish/jaxb/jaxb-runtime/2.3.2/FastInfoset-1.2.16.jar,file:/C:/Users/robin/.m2/repository/org/glassfish/jaxb/jaxb-runtime/2.3.2/jakarta.activation-api-1.2.1.jar
2022-07-05 15:49:09,345 INFO org.springframework.boot.logging.DeferredLog [restartedMain] Devtools property defaults active! Set 'spring.devtools.add-properties' to 'false' to disable
2022-07-05 15:49:09,345 INFO org.springframework.boot.logging.DeferredLog [restartedMain] For additional web related logging consider setting the 'logging.level.web' property to 'DEBUG'
2022-07-05 15:49:11,333 INFO org.springframework.data.repository.config.RepositoryConfigurationDelegate [restartedMain] Bootstrapping Spring Data JPA repositories in DEFAULT mode.
2022-07-05 15:49:11,423 INFO org.springframework.data.repository.config.RepositoryConfigurationDelegate [restartedMain] Finished Spring Data repository scanning in 76ms. Found 2 JPA repository interfaces.
2022-07-05 15:49:12,426 INFO org.springframework.boot.web.embedded.tomcat.TomcatWebServer [restartedMain] Tomcat initialized with port(s): 8080 (http)
2022-07-05 15:49:12,440 INFO org.apache.juli.logging.DirectJDKLog [restartedMain] Initializing ProtocolHandler ["http-nio-8080"]
2022-07-05 15:49:12,441 INFO org.apache.juli.logging.DirectJDKLog [restartedMain] Starting service [Tomcat]
2022-07-05 15:49:12,441 INFO org.apache.juli.logging.DirectJDKLog [restartedMain] Starting Servlet engine: [Apache Tomcat/9.0.31]
2022-07-05 15:49:12,594 INFO org.apache.juli.logging.DirectJDKLog [restartedMain] Initializing Spring embedded WebApplicationContext
2022-07-05 15:49:12,595 INFO org.springframework.boot.web.servlet.context.ServletWebServerApplicationContext [restartedMain] Root WebApplicationContext: initialization completed in 3249 ms
2022-07-05 15:49:12,794 INFO com.zaxxer.hikari.HikariDataSource [restartedMain] HikariPool-1 - Starting...
2022-07-05 15:49:13,072 INFO com.zaxxer.hikari.HikariDataSource [restartedMain] HikariPool-1 - Start completed.
2022-07-05 15:49:13,080 INFO org.springframework.boot.autoconfigure.h2.H2ConsoleAutoConfiguration [restartedMain] H2 console available at '/h2-console/'. Database available at 'jdbc:h2:mem:chatdb'
2022-07-05 15:49:13,513 INFO org.hibernate.jpa.internal.util.LogHelper [restartedMain] HHH000204: Processing PersistenceUnitInfo [name: default]
2022-07-05 15:49:13,677 INFO org.hibernate.Version [restartedMain] HHH000412: Hibernate ORM core version 5.4.12.Final
2022-07-05 15:49:13,993 INFO org.hibernate.annotations.common.reflection.java.JavaReflectionManager [restartedMain] HCANN000001: Hibernate Commons Annotations {5.1.0.Final}
2022-07-05 15:49:14,220 INFO org.hibernate.dialect.Dialect [restartedMain] HHH000400: Using dialect: org.hibernate.dialect.H2Dialect
2022-07-05 15:49:15,696 INFO org.hibernate.engine.transaction.jta.platform.internal.JtaPlatformInitiator [restartedMain] HHH000490: Using JtaPlatform implementation: [org.hibernate.engine.transaction.jta.platform.internal.NoJtaPlatform]
2022-07-05 15:49:15,714 INFO org.springframework.orm.jpa.AbstractEntityManagerFactoryBean [restartedMain] Initialized JPA EntityManagerFactory for persistence unit 'default'
2022-07-05 15:49:15,788 INFO org.springframework.boot.devtools.autoconfigure.OptionalLiveReloadServer [restartedMain] LiveReload server is running on port 35729
2022-07-05 15:49:16,681 INFO org.springframework.security.web.DefaultSecurityFilterChain [restartedMain] Creating filter chain: any request, [org.springframework.security.web.context.request.async.WebAsyncManagerIntegrationFilter@35c7c849, org.springframework.security.web.context.SecurityContextPersistenceFilter@564db882, org.springframework.security.web.header.HeaderWriterFilter@65871844, org.springframework.security.web.csrf.CsrfFilter@233322ba, org.springframework.security.web.authentication.logout.LogoutFilter@408052b2, org.springframework.security.oauth2.client.web.OAuth2AuthorizationRequestRedirectFilter@322f8b85, org.springframework.security.oauth2.client.web.OAuth2LoginAuthenticationFilter@d0458ec, org.springframework.security.web.authentication.UsernamePasswordAuthenticationFilter@2a5d01b9, org.springframework.security.web.authentication.ui.DefaultLoginPageGeneratingFilter@4c8de51b, org.springframework.security.web.authentication.ui.DefaultLogoutPageGeneratingFilter@56eea24d, org.springframework.security.web.savedrequest.RequestCacheAwareFilter@18b6f6b1, org.springframework.security.web.servletapi.SecurityContextHolderAwareRequestFilter@324a28d6, org.springframework.security.web.authentication.AnonymousAuthenticationFilter@7d29d3d6, org.springframework.security.web.session.SessionManagementFilter@50c16184, org.springframework.security.web.access.ExceptionTranslationFilter@2d74a22, org.springframework.security.web.access.intercept.FilterSecurityInterceptor@560e6a9d]
2022-07-05 15:49:16,948 INFO org.springframework.scheduling.concurrent.ExecutorConfigurationSupport [restartedMain] Initializing ExecutorService 'applicationTaskExecutor'
2022-07-05 15:49:17,069 INFO org.springframework.boot.autoconfigure.web.servlet.WelcomePageHandlerMapping [restartedMain] Adding welcome page: class path resource [static/index.html]
2022-07-05 15:49:17,523 INFO org.springframework.boot.actuate.endpoint.web.EndpointLinksResolver [restartedMain] Exposing 2 endpoint(s) beneath base path '/actuator'
2022-07-05 15:49:17,848 INFO org.apache.juli.logging.DirectJDKLog [restartedMain] Starting ProtocolHandler ["http-nio-8080"]
2022-07-05 15:49:17,904 INFO org.springframework.boot.web.embedded.tomcat.TomcatWebServer [restartedMain] Tomcat started on port(s): 8080 (http) with context path ''
2022-07-05 15:49:17,910 INFO org.springframework.boot.StartupInfoLogger [restartedMain] Started Application in 9.565 seconds (JVM running for 11.893)
2022-07-05 15:49:18,068 INFO org.apache.juli.logging.DirectJDKLog [RMI TCP Connection(1)-192.168.208.1] Initializing Spring DispatcherServlet 'dispatcherServlet'
2022-07-05 15:49:18,069 INFO org.springframework.web.servlet.FrameworkServlet [RMI TCP Connection(1)-192.168.208.1] Initializing Servlet 'dispatcherServlet'
2022-07-05 15:49:18,096 INFO org.springframework.web.servlet.FrameworkServlet [RMI TCP Connection(1)-192.168.208.1] Completed initialization in 23 ms
2022-07-05 15:58:04,085 INFO org.springframework.scheduling.concurrent.ExecutorConfigurationSupport [SpringContextShutdownHook] Shutting down ExecutorService 'applicationTaskExecutor'
2022-07-05 15:58:04,087 INFO org.springframework.orm.jpa.AbstractEntityManagerFactoryBean [SpringContextShutdownHook] Closing JPA EntityManagerFactory for persistence unit 'default'
2022-07-05 15:58:04,307 WARN org.springframework.beans.factory.support.DisposableBeanAdapter [SpringContextShutdownHook] Invocation of destroy method failed on bean with name 'inMemoryDatabaseShutdownExecutor': org.h2.jdbc.JdbcSQLNonTransientConnectionException: Die Datenbank wurde bereits geschlossen (um das automatische Schliessen beim Stopp der VM zu deaktivieren, die Datenbank URL mit ";DB_CLOSE_ON_EXIT=FALSE" ergänzen)
Database is already closed (to disable automatic closing at VM shutdown, add ";DB_CLOSE_ON_EXIT=FALSE" to the db URL) [90121-200]
2022-07-05 15:58:04,308 INFO com.zaxxer.hikari.HikariDataSource [SpringContextShutdownHook] HikariPool-1 - Shutdown initiated...
2022-07-05 15:58:04,356 INFO com.zaxxer.hikari.HikariDataSource [SpringContextShutdownHook] HikariPool-1 - Shutdown completed.
2022-07-05 15:58:12,274 INFO org.springframework.boot.StartupInfoLogger [restartedMain] Starting Application on DESKTOP-VIMUVAU with PID 3496 (started by robin in C:\Users\robin\OneDrive - bbw.ch\fr-2022\183\51_01_SpringBootChatAppSoSpriAusgangslage)
2022-07-05 15:58:12,280 INFO org.springframework.boot.SpringApplication [restartedMain] No active profile set, falling back to default profiles: default
2022-07-05 15:58:12,404 INFO org.springframework.boot.logging.DeferredLog [restartedMain] The Class-Path manifest attribute in C:\Users\robin\.m2\repository\org\glassfish\jaxb\jaxb-runtime\2.3.2\jaxb-runtime-2.3.2.jar referenced one or more files that do not exist: file:/C:/Users/robin/.m2/repository/org/glassfish/jaxb/jaxb-runtime/2.3.2/jakarta.xml.bind-api-2.3.2.jar,file:/C:/Users/robin/.m2/repository/org/glassfish/jaxb/jaxb-runtime/2.3.2/txw2-2.3.2.jar,file:/C:/Users/robin/.m2/repository/org/glassfish/jaxb/jaxb-runtime/2.3.2/istack-commons-runtime-3.0.8.jar,file:/C:/Users/robin/.m2/repository/org/glassfish/jaxb/jaxb-runtime/2.3.2/stax-ex-1.8.1.jar,file:/C:/Users/robin/.m2/repository/org/glassfish/jaxb/jaxb-runtime/2.3.2/FastInfoset-1.2.16.jar,file:/C:/Users/robin/.m2/repository/org/glassfish/jaxb/jaxb-runtime/2.3.2/jakarta.activation-api-1.2.1.jar
2022-07-05 15:58:12,404 INFO org.springframework.boot.logging.DeferredLog [restartedMain] Devtools property defaults active! Set 'spring.devtools.add-properties' to 'false' to disable
2022-07-05 15:58:12,405 INFO org.springframework.boot.logging.DeferredLog [restartedMain] For additional web related logging consider setting the 'logging.level.web' property to 'DEBUG'
2022-07-05 15:58:14,077 INFO org.springframework.data.repository.config.RepositoryConfigurationDelegate [restartedMain] Bootstrapping Spring Data JPA repositories in DEFAULT mode.
2022-07-05 15:58:14,157 INFO org.springframework.data.repository.config.RepositoryConfigurationDelegate [restartedMain] Finished Spring Data repository scanning in 66ms. Found 2 JPA repository interfaces.
2022-07-05 15:58:14,854 INFO org.springframework.boot.web.embedded.tomcat.TomcatWebServer [restartedMain] Tomcat initialized with port(s): 8080 (http)
2022-07-05 15:58:14,864 INFO org.apache.juli.logging.DirectJDKLog [restartedMain] Initializing ProtocolHandler ["http-nio-8080"]
2022-07-05 15:58:14,865 INFO org.apache.juli.logging.DirectJDKLog [restartedMain] Starting service [Tomcat]
2022-07-05 15:58:14,865 INFO org.apache.juli.logging.DirectJDKLog [restartedMain] Starting Servlet engine: [Apache Tomcat/9.0.31]
2022-07-05 15:58:14,992 INFO org.apache.juli.logging.DirectJDKLog [restartedMain] Initializing Spring embedded WebApplicationContext
2022-07-05 15:58:14,993 INFO org.springframework.boot.web.servlet.context.ServletWebServerApplicationContext [restartedMain] Root WebApplicationContext: initialization completed in 2588 ms
2022-07-05 15:58:15,114 INFO com.zaxxer.hikari.HikariDataSource [restartedMain] HikariPool-1 - Starting...
2022-07-05 15:58:15,325 INFO com.zaxxer.hikari.HikariDataSource [restartedMain] HikariPool-1 - Start completed.
2022-07-05 15:58:15,335 INFO org.springframework.boot.autoconfigure.h2.H2ConsoleAutoConfiguration [restartedMain] H2 console available at '/h2-console/'. Database available at 'jdbc:h2:mem:chatdb'
2022-07-05 15:58:15,589 INFO org.hibernate.jpa.internal.util.LogHelper [restartedMain] HHH000204: Processing PersistenceUnitInfo [name: default]
2022-07-05 15:58:15,687 INFO org.hibernate.Version [restartedMain] HHH000412: Hibernate ORM core version 5.4.12.Final
2022-07-05 15:58:15,883 INFO org.hibernate.annotations.common.reflection.java.JavaReflectionManager [restartedMain] HCANN000001: Hibernate Commons Annotations {5.1.0.Final}
2022-07-05 15:58:16,033 INFO org.hibernate.dialect.Dialect [restartedMain] HHH000400: Using dialect: org.hibernate.dialect.H2Dialect
2022-07-05 15:58:16,864 INFO org.hibernate.engine.transaction.jta.platform.internal.JtaPlatformInitiator [restartedMain] HHH000490: Using JtaPlatform implementation: [org.hibernate.engine.transaction.jta.platform.internal.NoJtaPlatform]
2022-07-05 15:58:16,872 INFO org.springframework.orm.jpa.AbstractEntityManagerFactoryBean [restartedMain] Initialized JPA EntityManagerFactory for persistence unit 'default'
2022-07-05 15:58:16,910 INFO org.springframework.boot.devtools.autoconfigure.OptionalLiveReloadServer [restartedMain] LiveReload server is running on port 35729
2022-07-05 15:58:17,450 INFO org.springframework.security.web.DefaultSecurityFilterChain [restartedMain] Creating filter chain: any request, [org.springframework.security.web.context.request.async.WebAsyncManagerIntegrationFilter@555bf1b2, org.springframework.security.web.context.SecurityContextPersistenceFilter@3a094d17, org.springframework.security.web.header.HeaderWriterFilter@49f1d19a, org.springframework.security.web.csrf.CsrfFilter@532d2064, org.springframework.security.web.authentication.logout.LogoutFilter@69167c20, org.springframework.security.oauth2.client.web.OAuth2AuthorizationRequestRedirectFilter@44df1fc4, org.springframework.security.oauth2.client.web.OAuth2LoginAuthenticationFilter@dc61e6e, org.springframework.security.web.authentication.UsernamePasswordAuthenticationFilter@753f8388, org.springframework.security.web.authentication.ui.DefaultLoginPageGeneratingFilter@39deea6b, org.springframework.security.web.authentication.ui.DefaultLogoutPageGeneratingFilter@22fa5422, org.springframework.security.web.savedrequest.RequestCacheAwareFilter@7601dee2, org.springframework.security.web.servletapi.SecurityContextHolderAwareRequestFilter@655bc28, org.springframework.security.web.authentication.AnonymousAuthenticationFilter@2ac0ce10, org.springframework.security.web.session.SessionManagementFilter@312d993b, org.springframework.security.web.access.ExceptionTranslationFilter@6828fd6b, org.springframework.security.web.access.intercept.FilterSecurityInterceptor@412913a0]
2022-07-05 15:58:17,610 INFO org.springframework.scheduling.concurrent.ExecutorConfigurationSupport [restartedMain] Initializing ExecutorService 'applicationTaskExecutor'
2022-07-05 15:58:17,678 INFO org.springframework.boot.autoconfigure.web.servlet.WelcomePageHandlerMapping [restartedMain] Adding welcome page: class path resource [static/index.html]
2022-07-05 15:58:17,942 INFO org.springframework.boot.actuate.endpoint.web.EndpointLinksResolver [restartedMain] Exposing 2 endpoint(s) beneath base path '/actuator'
2022-07-05 15:58:18,172 INFO org.apache.juli.logging.DirectJDKLog [restartedMain] Starting ProtocolHandler ["http-nio-8080"]
2022-07-05 15:58:18,199 INFO org.springframework.boot.web.embedded.tomcat.TomcatWebServer [restartedMain] Tomcat started on port(s): 8080 (http) with context path ''
2022-07-05 15:58:18,202 INFO org.springframework.boot.StartupInfoLogger [restartedMain] Started Application in 6.773 seconds (JVM running for 8.956)
2022-07-05 15:58:18,865 INFO org.apache.juli.logging.DirectJDKLog [RMI TCP Connection(2)-192.168.208.1] Initializing Spring DispatcherServlet 'dispatcherServlet'
2022-07-05 15:58:18,866 INFO org.springframework.web.servlet.FrameworkServlet [RMI TCP Connection(2)-192.168.208.1] Initializing Servlet 'dispatcherServlet'
2022-07-05 15:58:18,879 INFO org.springframework.web.servlet.FrameworkServlet [RMI TCP Connection(2)-192.168.208.1] Completed initialization in 12 ms
2022-07-05 15:59:11,703 INFO org.springframework.scheduling.concurrent.ExecutorConfigurationSupport [SpringContextShutdownHook] Shutting down ExecutorService 'applicationTaskExecutor'
2022-07-05 15:59:11,704 INFO org.springframework.orm.jpa.AbstractEntityManagerFactoryBean [SpringContextShutdownHook] Closing JPA EntityManagerFactory for persistence unit 'default'
2022-07-05 15:59:11,915 WARN org.springframework.beans.factory.support.DisposableBeanAdapter [SpringContextShutdownHook] Invocation of destroy method failed on bean with name 'inMemoryDatabaseShutdownExecutor': org.h2.jdbc.JdbcSQLNonTransientConnectionException: Die Datenbank wurde bereits geschlossen (um das automatische Schliessen beim Stopp der VM zu deaktivieren, die Datenbank URL mit ";DB_CLOSE_ON_EXIT=FALSE" ergänzen)
Database is already closed (to disable automatic closing at VM shutdown, add ";DB_CLOSE_ON_EXIT=FALSE" to the db URL) [90121-200]
2022-07-05 15:59:11,916 INFO com.zaxxer.hikari.HikariDataSource [SpringContextShutdownHook] HikariPool-1 - Shutdown initiated...
2022-07-05 15:59:11,979 INFO com.zaxxer.hikari.HikariDataSource [SpringContextShutdownHook] HikariPool-1 - Shutdown completed.
2022-07-05 15:59:19,252 INFO org.springframework.boot.StartupInfoLogger [restartedMain] Starting Application on DESKTOP-VIMUVAU with PID 14896 (started by robin in C:\Users\robin\OneDrive - bbw.ch\fr-2022\183\51_01_SpringBootChatAppSoSpriAusgangslage)
2022-07-05 15:59:19,258 INFO org.springframework.boot.SpringApplication [restartedMain] No active profile set, falling back to default profiles: default
2022-07-05 15:59:19,362 INFO org.springframework.boot.logging.DeferredLog [restartedMain] The Class-Path manifest attribute in C:\Users\robin\.m2\repository\org\glassfish\jaxb\jaxb-runtime\2.3.2\jaxb-runtime-2.3.2.jar referenced one or more files that do not exist: file:/C:/Users/robin/.m2/repository/org/glassfish/jaxb/jaxb-runtime/2.3.2/jakarta.xml.bind-api-2.3.2.jar,file:/C:/Users/robin/.m2/repository/org/glassfish/jaxb/jaxb-runtime/2.3.2/txw2-2.3.2.jar,file:/C:/Users/robin/.m2/repository/org/glassfish/jaxb/jaxb-runtime/2.3.2/istack-commons-runtime-3.0.8.jar,file:/C:/Users/robin/.m2/repository/org/glassfish/jaxb/jaxb-runtime/2.3.2/stax-ex-1.8.1.jar,file:/C:/Users/robin/.m2/repository/org/glassfish/jaxb/jaxb-runtime/2.3.2/FastInfoset-1.2.16.jar,file:/C:/Users/robin/.m2/repository/org/glassfish/jaxb/jaxb-runtime/2.3.2/jakarta.activation-api-1.2.1.jar
2022-07-05 15:59:19,363 INFO org.springframework.boot.logging.DeferredLog [restartedMain] Devtools property defaults active! Set 'spring.devtools.add-properties' to 'false' to disable
2022-07-05 15:59:19,363 INFO org.springframework.boot.logging.DeferredLog [restartedMain] For additional web related logging consider setting the 'logging.level.web' property to 'DEBUG'
2022-07-05 15:59:21,078 INFO org.springframework.data.repository.config.RepositoryConfigurationDelegate [restartedMain] Bootstrapping Spring Data JPA repositories in DEFAULT mode.
2022-07-05 15:59:21,146 INFO org.springframework.data.repository.config.RepositoryConfigurationDelegate [restartedMain] Finished Spring Data repository scanning in 59ms. Found 2 JPA repository interfaces.
2022-07-05 15:59:21,801 INFO org.springframework.boot.web.embedded.tomcat.TomcatWebServer [restartedMain] Tomcat initialized with port(s): 8080 (http)
2022-07-05 15:59:21,810 INFO org.apache.juli.logging.DirectJDKLog [restartedMain] Initializing ProtocolHandler ["http-nio-8080"]
2022-07-05 15:59:21,811 INFO org.apache.juli.logging.DirectJDKLog [restartedMain] Starting service [Tomcat]
2022-07-05 15:59:21,811 INFO org.apache.juli.logging.DirectJDKLog [restartedMain] Starting Servlet engine: [Apache Tomcat/9.0.31]
2022-07-05 15:59:21,930 INFO org.apache.juli.logging.DirectJDKLog [restartedMain] Initializing Spring embedded WebApplicationContext
2022-07-05 15:59:21,930 INFO org.springframework.boot.web.servlet.context.ServletWebServerApplicationContext [restartedMain] Root WebApplicationContext: initialization completed in 2567 ms
2022-07-05 15:59:22,067 INFO com.zaxxer.hikari.HikariDataSource [restartedMain] HikariPool-1 - Starting...
2022-07-05 15:59:22,238 INFO com.zaxxer.hikari.HikariDataSource [restartedMain] HikariPool-1 - Start completed.
2022-07-05 15:59:22,244 INFO org.springframework.boot.autoconfigure.h2.H2ConsoleAutoConfiguration [restartedMain] H2 console available at '/h2-console/'. Database available at 'jdbc:h2:mem:chatdb'
2022-07-05 15:59:22,517 INFO org.hibernate.jpa.internal.util.LogHelper [restartedMain] HHH000204: Processing PersistenceUnitInfo [name: default]
2022-07-05 15:59:22,587 INFO org.hibernate.Version [restartedMain] HHH000412: Hibernate ORM core version 5.4.12.Final
2022-07-05 15:59:22,710 INFO org.hibernate.annotations.common.reflection.java.JavaReflectionManager [restartedMain] HCANN000001: Hibernate Commons Annotations {5.1.0.Final}
2022-07-05 15:59:22,821 INFO org.hibernate.dialect.Dialect [restartedMain] HHH000400: Using dialect: org.hibernate.dialect.H2Dialect
2022-07-05 15:59:23,532 INFO org.hibernate.engine.transaction.jta.platform.internal.JtaPlatformInitiator [restartedMain] HHH000490: Using JtaPlatform implementation: [org.hibernate.engine.transaction.jta.platform.internal.NoJtaPlatform]
2022-07-05 15:59:23,540 INFO org.springframework.orm.jpa.AbstractEntityManagerFactoryBean [restartedMain] Initialized JPA EntityManagerFactory for persistence unit 'default'
2022-07-05 15:59:23,570 INFO org.springframework.boot.devtools.autoconfigure.OptionalLiveReloadServer [restartedMain] LiveReload server is running on port 35729
2022-07-05 15:59:24,109 INFO org.springframework.security.web.DefaultSecurityFilterChain [restartedMain] Creating filter chain: any request, [org.springframework.security.web.context.request.async.WebAsyncManagerIntegrationFilter@19b69984, org.springframework.security.web.context.SecurityContextPersistenceFilter@2d3f98b, org.springframework.security.web.header.HeaderWriterFilter@5bda23db, org.springframework.security.web.csrf.CsrfFilter@20332554, org.springframework.security.web.authentication.logout.LogoutFilter@51cc110d, org.springframework.security.oauth2.client.web.OAuth2AuthorizationRequestRedirectFilter@4527ae08, org.springframework.security.oauth2.client.web.OAuth2LoginAuthenticationFilter@891ed4b, org.springframework.security.web.authentication.UsernamePasswordAuthenticationFilter@43acb391, org.springframework.security.web.authentication.ui.DefaultLoginPageGeneratingFilter@5fa8223f, org.springframework.security.web.authentication.ui.DefaultLogoutPageGeneratingFilter@5e4688df, org.springframework.security.web.savedrequest.RequestCacheAwareFilter@4ce3ef3c, org.springframework.security.web.servletapi.SecurityContextHolderAwareRequestFilter@74c3a592, org.springframework.security.web.authentication.AnonymousAuthenticationFilter@7c5025a0, org.springframework.security.web.session.SessionManagementFilter@4063cf5e, org.springframework.security.web.access.ExceptionTranslationFilter@3693fac8, org.springframework.security.web.access.intercept.FilterSecurityInterceptor@3e11c5ea]
2022-07-05 15:59:24,267 INFO org.springframework.scheduling.concurrent.ExecutorConfigurationSupport [restartedMain] Initializing ExecutorService 'applicationTaskExecutor'
2022-07-05 15:59:24,336 INFO org.springframework.boot.autoconfigure.web.servlet.WelcomePageHandlerMapping [restartedMain] Adding welcome page: class path resource [static/index.html]
2022-07-05 15:59:24,743 INFO org.springframework.boot.actuate.endpoint.web.EndpointLinksResolver [restartedMain] Exposing 2 endpoint(s) beneath base path '/actuator'
2022-07-05 15:59:24,792 INFO org.apache.juli.logging.DirectJDKLog [restartedMain] Starting ProtocolHandler ["http-nio-8080"]
2022-07-05 15:59:24,818 INFO org.springframework.boot.web.embedded.tomcat.TomcatWebServer [restartedMain] Tomcat started on port(s): 8080 (http) with context path ''
2022-07-05 15:59:24,821 INFO org.springframework.boot.StartupInfoLogger [restartedMain] Started Application in 6.254 seconds (JVM running for 8.249)
2022-07-05 15:59:25,406 INFO org.apache.juli.logging.DirectJDKLog [RMI TCP Connection(2)-192.168.208.1] Initializing Spring DispatcherServlet 'dispatcherServlet'
2022-07-05 15:59:25,406 INFO org.springframework.web.servlet.FrameworkServlet [RMI TCP Connection(2)-192.168.208.1] Initializing Servlet 'dispatcherServlet'
2022-07-05 15:59:25,418 INFO org.springframework.web.servlet.FrameworkServlet [RMI TCP Connection(2)-192.168.208.1] Completed initialization in 11 ms
